<?xml version="1.0" encoding="UTF-8"?>
<testsuite xmlns:xsi="http://www.w3.org/2001/XMLSchema-instance" xsi:noNamespaceSchemaLocation="https://maven.apache.org/surefire/maven-surefire-plugin/xsd/surefire-test-report-3.0.xsd" version="3.0" name="com.biblioteca.sistema_biblioteca.repository.UsuarioRepositoryImplTest" time="0.005" tests="3" errors="0" skipped="0" failures="0">
  <properties>
[...]
</properties>
  <testcase name="existePorId_devuelveTrueSiExiste" classname="com.biblioteca.sistema_biblioteca.repository.UsuarioRepositoryImplTest" time="0.002"/>
  <testcase name="eliminarPorId_quitaElUsuario" classname="com.biblioteca.sistema_biblioteca.repository.UsuarioRepositoryImplTest" time="0.001"/>
  <testcase name="guardarYBuscarPorId_funcionaCorrectamente" classname="com.biblioteca.sistema_biblioteca.repository.UsuarioRepositoryImplTest" time="0.001"/>
</testsuite>